2022-04-25 20:04:29 [[32minfo[39m] Logged in as Opel Bot#8583!
2022-04-25 20:05:41 [[32minfo[39m] Started refreshing application (/) commands.
2022-04-25 20:05:41 [[32minfo[39m] Successfully reloaded application (/) commands.
2022-04-25 20:05:42 [[32minfo[39m] Logged in as Opel Bot#8583!
2022-04-25 20:06:09 [[32minfo[39m] Started refreshing application (/) commands.
2022-04-25 20:06:09 [[32minfo[39m] Started Express: Port 8080
2022-04-25 20:06:10 [[32minfo[39m] Successfully reloaded application (/) commands.
2022-04-25 20:06:10 [[32minfo[39m] Logged in as Opel Bot#8583!
[2022-04-25 20:10:36] [[32minfo[39m] Started refreshing application (/) commands.
[2022-04-25 20:10:37] [[32minfo[39m] Started Express: Port 8080
[2022-04-25 20:10:37] [[32minfo[39m] Successfully reloaded application (/) commands.
[2022-04-25 20:10:38] [[32minfo[39m] Logged in as Opel Bot#8583!
[2022-04-25 20:10:42] [[32minfo[39m] Received command ping
[2022-04-25 20:12:11] [[32minfo[39m] Started refreshing application (/) commands.
[2022-04-25 20:12:12] [[32minfo[39m] Started Express: Port 8080
[2022-04-25 20:12:12] [[32minfo[39m] Successfully reloaded application (/) commands.
[2022-04-25 20:12:12] [[32minfo[39m] Logged in as Opel Bot#8583!
[2022-04-25 20:21:05] [[32minfo[39m] Started refreshing application (/) commands.
[2022-04-25 20:21:05] [[32minfo[39m] Started Express: Port 8080
[2022-04-25 20:21:06] [[32minfo[39m] Successfully reloaded application (/) commands.
[2022-04-25 20:21:06] [[32minfo[39m] Logged in as Opel Bot#8583!
[2022-04-25 20:46:02] [[32minfo[39m] Started refreshing application (/) commands.
[2022-04-25 20:46:02] [[32minfo[39m] Started Express: Port 8080
[2022-04-25 20:46:02] [[31merror[39m] info is not defined
[2022-04-25 20:46:21] [[32minfo[39m] Started refreshing application (/) commands.
[2022-04-25 20:46:21] [[32minfo[39m] Started Express: Port 8080
[2022-04-25 20:46:22] [[31merror[39m] info is not defined
[2022-04-25 20:46:22] [[32minfo[39m] Logged in as Opel Bot#8583!
[2022-04-25 20:46:49] [[32minfo[39m] Started refreshing application (/) commands.
[2022-04-25 20:46:49] [[32minfo[39m] Started Express: Port 8080
[2022-04-25 20:46:50] [[32minfo[39m] Logged in as Opel Bot#8583!
[2022-04-25 20:47:03] [[31merror[39m] info is not defined
[2022-04-25 20:47:42] [[32minfo[39m] Started refreshing application (/) commands.
[2022-04-25 20:47:42] [[32minfo[39m] Started Express: Port 8080
[2022-04-25 20:47:42] [[31merror[39m] info is not defined
[2022-04-25 20:47:43] [[32minfo[39m] Logged in as Opel Bot#8583!
[2022-04-25 20:48:02] [[32minfo[39m] Started refreshing application (/) commands.
[2022-04-25 20:48:03] [[32minfo[39m] Started Express: Port 8080
[2022-04-25 20:48:03] [[32minfo[39m] Successfully reloaded application (/) commands.
[2022-04-25 20:48:04] [[32minfo[39m] Logged in as Opel Bot#8583!
[2022-04-25 20:56:24] [[32minfo[39m] Started refreshing application (/) commands.
[2022-04-25 20:56:24] [[32minfo[39m] Started Express: Port 8080
[2022-04-25 20:56:25] [[32minfo[39m] Successfully reloaded application (/) commands.
[2022-04-25 20:56:25] [[32minfo[39m] Logged in as Opel Bot#8583!
[2022-04-25 20:57:10] [[32minfo[39m] Started refreshing application (/) commands.
[2022-04-25 20:57:10] [[32minfo[39m] Started Express: Port 8080
[2022-04-25 20:57:10] [[32minfo[39m] Successfully reloaded application (/) commands.
[2022-04-25 20:57:11] [[32minfo[39m] Logged in as Opel Bot#8583!
[2022-04-25 20:58:12] [[32minfo[39m] Started refreshing application (/) commands.
[2022-04-25 20:58:13] [[32minfo[39m] Started Express: Port 8080
[2022-04-25 20:58:13] [[32minfo[39m] Successfully reloaded application (/) commands.
[2022-04-25 20:58:13] [[32minfo[39m] Logged in as Opel Bot#8583!
[2022-04-25 20:59:26] [[32minfo[39m] Started refreshing application (/) commands.
[2022-04-25 20:59:27] [[32minfo[39m] Started Express: Port 8080
[2022-04-25 20:59:27] [[32minfo[39m] Successfully reloaded application (/) commands.
[2022-04-25 20:59:27] [[32minfo[39m] Logged in as Opel Bot#8583!
[2022-04-25 20:59:30] [[32minfo[39m] [object Object]
[2022-04-25 20:59:47] [[32minfo[39m] Started refreshing application (/) commands.
[2022-04-25 20:59:48] [[32minfo[39m] Started Express: Port 8080
[2022-04-25 20:59:48] [[32minfo[39m] Successfully reloaded application (/) commands.
[2022-04-25 20:59:49] [[32minfo[39m] Logged in as Opel Bot#8583!
[2022-04-25 20:59:52] [[32minfo[39m] {"title":"Cat is perfect loaf","imageUrl":"https://upload.wikimedia.org/wikipedia/commons/thumb/6/67/Cute_cat_in_loaf_position.jpg/1200px-Cute_cat_in_loaf_position.jpg","content":"Cat is perfect loaf? How?","postUrl":"https://google.com","author":"marcolovescats","subreddit":"r/cats"}
[2022-04-25 21:00:38] [[32minfo[39m] Started refreshing application (/) commands.
[2022-04-25 21:00:38] [[32minfo[39m] Started Express: Port 8080
[2022-04-25 21:00:38] [[32minfo[39m] Successfully reloaded application (/) commands.
[2022-04-25 21:00:39] [[32minfo[39m] Logged in as Opel Bot#8583!
[2022-04-25 21:00:44] [[32minfo[39m] Started refreshing application (/) commands.
[2022-04-25 21:00:44] [[32minfo[39m] Started Express: Port 8080
[2022-04-25 21:00:44] [[32minfo[39m] Successfully reloaded application (/) commands.
[2022-04-25 21:00:45] [[32minfo[39m] Logged in as Opel Bot#8583!
[2022-04-25 21:00:48] [[32minfo[39m] {"title":"Cat is perfect loaf","imageUrl":"https://upload.wikimedia.org/wikipedia/commons/thumb/6/67/Cute_cat_in_loaf_position.jpg/1200px-Cute_cat_in_loaf_position.jpg","content":"Cat is perfect loaf? How?","postUrl":"https://google.com","author":"marcolovescats","subreddit":"r/cats"}
[2022-04-25 21:02:02] [[32minfo[39m] Started refreshing application (/) commands.
[2022-04-25 21:02:02] [[32minfo[39m] Started Express: Port 8080
[2022-04-25 21:02:03] [[32minfo[39m] Successfully reloaded application (/) commands.
[2022-04-25 21:02:03] [[32minfo[39m] Logged in as Opel Bot#8583!
